"the school." (POS=NP)
	 in sentence "sure, it is possible his home was affected, but not the school."

"the movie today." (POS=NP)
	 in sentence "i haven't read the books, but i saw the movie today."

"that" (POS=SBAR)
	 in sentence "the new study shows that the titanic story does not stand up to scrutiny imo."

"larry bud melman" (POS=NP)
	 in sentence "he hasn't been funny since larry bud melman was on the show."

"does not exist." (POS=VP)
	 in sentence "god definately does not exist."

"to grow?" (POS=VP)
	 in sentence "is it legal to grow?"

"legalized abortion." (POS=NP)
	 in sentence "part of pro-life is the opposition to legalized abortion."

"with" (POS=PP)
	 in sentence "i am ok with medical use!"

"can get it." (POS=VP)
	 in sentence "any woman that wants birth control can get it."

"to." (POS=O)
	 in sentence "and you didn't have to."

"that redundant" (POS=NP)
	 in sentence "religious fiction isn't that redundant and repetetive?"

"all" (POS=NP)
	 in sentence "best way to get money out is to get rid of lobby, all of it."

"ah" (POS=ADVP)
	 in sentence "ah ha, ha, ha, ha, ha!"

"bienging" (POS=NP)
	 in sentence "bienging is unaccptable."

"probably" (POS=ADVP)
	 in sentence "so, short form, yes, it probably is different in different countries."

"taxpayer money." (POS=NP)
	 in sentence "sadly ford did accept taxpayer money."

"therefore" (POS=ADVP)
	 in sentence "therefore you are not a christian."

"'say'" (POS=NP)
	 in sentence "originally posted by vienna to 'say' what?"

"years." (POS=LST)
	 in sentence "the nazis increases the longevity of a handgun permit from  to  years."

"would that" (POS=VP)
	 in sentence "what conviction would that be?"

"that" (POS=O)
	 in sentence "you already did that - we have a muslim in office right now."

"until" (POS=SBAR)
	 in sentence "wait until they become more consistent and closer together."

"methane growth rate accelerates" (POS=NP)
	 in sentence "it assumes that methane growth rate accelerates by .%/yr."

"differently" (POS=ADVP)
	 in sentence "we in britain think differently to americans."

"million." (POS=NP)
	 in sentence "the uk population is just over  million."

"what?" (POS=O)
	 in sentence "originally posted by vienna to 'say' what?"

"any claims," (POS=NP)
	 in sentence "if you haven't made any claims, then just say so."

"a simple mistake." (POS=NP)
	 in sentence "could be a simple mistake."

"any claims." (POS=NP)
	 in sentence "i haven't made any claims."

""being" (POS=VP)
	 in sentence ""being against nukes" does not mean "not wanting to use nukes"."

"in court." (POS=NP)
	 in sentence "nothing is stopping this thing from playing out in court."

"aye" (POS=NP)
	 in sentence "aye but they are responsible to their constituents."

"% men and % women." (POS=NP)
	 in sentence "imagine a place with % men and % women."

"gb." (POS=O)
	 in sentence "it's not how it was sold, gb."

"a deal." (POS=NP)
	 in sentence "i'd offer iran a deal."

"zimmerman replied," (POS=NP)
	 in sentence "zimmerman replied, "what are you doing here?""

"inflation." (POS=NP)
	 in sentence "the prices for everything you need have gone up due to inflation."

"regulation reform?" (POS=NP)
	 in sentence "do you see obama calling for regulation reform?"

"omnipotent." (POS=O)
	 in sentence "then he is not omnipotent."

"a leafs fan!" (POS=NP)
	 in sentence "the face of the franchise: the worst part is that he's not even a leafs fan!"

"it's different" (POS=NP)
	 in sentence "unless it's different in different countries?"

"english." (POS=NP)
	 in sentence "pressing one does not "do" english."

"post-fertilization." (POS=O)
	 in sentence "there is no more egg cell post-fertilization."

"a cargo ship." (POS=NP)
	 in sentence "the california was a cargo ship."

"medical use!!" (POS=NP)
	 in sentence "i am ok with medical use!!"

"cars." (POS=O)
	 in sentence "more expensive cars."

"a gop controlled state." (POS=NP)
	 in sentence "michigan is a gop controlled state."

"a treesome." (POS=NP)
	 in sentence "i wood have asked her if she is up for a treesome."

"your seatbelt?"" (POS=NP)
	 in sentence ""would you like to wear your seatbelt?""

"how exactly" (POS=ADVP)
	 in sentence "how exactly are they being punished?"

"the show." (POS=NP)
	 in sentence "he hasn't been funny since larry bud melman was on the show."

"not a belief." (POS=NP)
	 in sentence "evolution is not an opinion, not a belief."

"------" (POS=O)
	 in sentence "------ ----------- what do we get in return for doing the fighting for them?"

"amazing." (POS=O)
	 in sentence "gl, terral that is absolutely amazing."

"violent expansion," (POS=NP)
	 in sentence "the ideology was built around violent expansion, so yes - violent expansion."

"yeah," (POS=NP)
	 in sentence "yeah, i don't think this is that controversial either."

"xyz" (POS=NP)
	 in sentence "if you want to buy $ billion in xyz inc. common stock, who cares?"

"the constituents." (POS=NP)
	 in sentence "that is not direct responsibilty to the constituents."

"to term," (POS=VP)
	 in sentence "government deciding what pregnancies need to be carried to term, that's fine."

"now." (POS=O)
	 in sentence "well, whatever, you are now."

"is unaccptable." (POS=VP)
	 in sentence "bienging is unaccptable."

"no "war"" (POS=NP)
	 in sentence "there is no "war" in the middle east."

"dilution." (POS=UCP)
	 in sentence "yes, it's about dilution."

"a personal bias?" (POS=NP)
	 in sentence "what if they had a personal bias?"

"my questions?" (POS=NP)
	 in sentence "and that's why you're yelling at me and refusing to answer my questions?"

"a negative?" (POS=NP)
	 in sentence "go figure you're asking me to prove a negative?"

"skills." (POS=O)
	 in sentence "you need to polish up on your logic skills."

"good," (POS=ADJP)
	 in sentence "i thought it was good, and i didn't find it confusing."

"yeah." (POS=NP)
	 in sentence "so, i don't know how legitimate this is but yeah."

"umm" (POS=NP)
	 in sentence "umm the california was a cargo ship i dont care what the article says."

"a pedestal." (POS=NP)
	 in sentence "you should put scientists on a pedestal."

"is not political." (POS=VP)
	 in sentence "fix?: islam itself is not political."

"a ****" (POS=NP)
	 in sentence "that israel doesn't giva a **** what anybody else thinks."

"kt." (POS=UCP)
	 in sentence "subjective dvorak intensity estimates from tafb and sab increased to  kt."

"in," (POS=NP)
	 in sentence "breathe in, breathe out, move on."

"they're" (POS=NP)
	 in sentence "if so, state that is why they're not true."

"curious?" (POS=NP)
	 in sentence "you wanna know what i find curious?"

"a nice lady." (POS=NP)
	 in sentence "she was a nice lady."

"scans.." (POS=O)
	 in sentence "if i'm angry, it will show up in one of those scans.."

"waters." (POS=O)
	 in sentence "i absolutely do believe there was an iceberg in those waters."

"in." (POS=NP)
	 in sentence "alright just got in."

"the "answer"" (POS=NP)
	 in sentence "what was the "answer" in chicago?"

"would" (POS=O)
	 in sentence "why would the addition of more of jesus words be left out of the canon?"

"the next hours." (POS=NP)
	 in sentence "cyclone formation is not expected during the next  hours."

"participate." (POS=O)
	 in sentence "it doesn't say that it didn't participate."

"exactly" (POS=ADVP)
	 in sentence "how exactly is germany being 'punished' for the stupidity of ww?"

"wrong." (POS=O)
	 in sentence "morals do not exist, so technically nothing can be morally wrong."

"states." (POS=O)
	 in sentence "and that is happening in gop controlled states."

"so yes" (POS=ADVP)
	 in sentence "the ideology was built around violent expansion, so yes - violent expansion."

"doubtful." (POS=O)
	 in sentence "originally posted by jond doubtful."

"an answer." (POS=NP)
	 in sentence "that is not an answer."

"we" (POS=NP)
	 in sentence "we in britain think differently to americans."

"religion." (POS=NP)
	 in sentence "there is no freedom of religion."

"hi pro and corn:" (POS=NP)
	 in sentence "hi pro and corn: how many threads do you plan on making?"

"astros or orioles bad gameday" (POS=NP)
	 in sentence "not astros or orioles bad gameday for the orioles game is frozen for me."

"hate jews." (POS=VP)
	 in sentence "you should stop prefixing or suffixing everything with you hate jews."

"a person," (POS=NP)
	 in sentence "i said it wasn't a person, in the legal sense."

"a complete impossibility." (POS=NP)
	 in sentence "originally posted by muslim girl its not a complete impossibility."

"felonies." (POS=O)
	 in sentence "no extortion, no bribery, no money involved only class e felonies."

"penalty." (POS=O)
	 in sentence "i oppose the death penalty."

"some math." (POS=NP)
	 in sentence "funny, i thought the same thing about some math."

"isnt" (POS=PP)
	 in sentence "being in a gang isnt a crime."

"not a constitutional issue." (POS=NP)
	 in sentence "not a constitutional issue."

"active," (POS=SBAR)
	 in sentence "if i'm hyper active, it will show up in one of those scans.."

"possible" (POS=VP)
	 in sentence "is it possible his home was affected and the school was not?"

"all bush's" (POS=NP)
	 in sentence "it is all bush's fault."

"probably straight." (POS=ADVP)
	 in sentence "if you answer yes to  and no to  you are probably straight."

"so yes," (POS=ADVP)
	 in sentence "so yes, we do read the bible to learn about christianity."

"nearly" (POS=ADVP)
	 in sentence "the japanese population is nearly  million."

"million." (POS=O)
	 in sentence "the japanese population is nearly  million."

"voting." (POS=LST)
	 in sentence "operation chaos is merely people voting."

"zaf" (POS=NP)
	 in sentence "originally posted by zaf we in britain think differently to americans."

"no sense." (POS=NP)
	 in sentence "it still makes no sense."

"was ted bundy" (POS=VP)
	 in sentence "was ted bundy a partial psychopath?"

"without" (POS=PP)
	 in sentence "but we can't do it without help."

"warmed.c" (POS=NP)
	 in sentence " warmed.c from the year prior."

"rand." (POS=O)
	 in sentence "i didn't say we had gotten soft since / rand."

"laws." (POS=NP)
	 in sentence "jury nullification has nothing to do with the constitutionality of laws."

"her" (POS=NP)
	 in sentence "i wood have asked her if she is up for a treesome."

"originally" (POS=ADVP)
	 in sentence "originally posted by vienna how was it authoritarian?"

"/" (POS=NP)
	 in sentence "i didn't say we had gotten soft since / rand."

"not?" (POS=O)
	 in sentence "do you have anything to make it less compelling or not?"

""you" (POS=NP)
	 in sentence "i don't prefix or suffix everything with "you hate jews.""

"the op" (POS=NP)
	 in sentence "so i actually read the op and guess what i found out."

"ok!" (POS=O)
	 in sentence "i hope everything is ok!"

"so quickly." (POS=ADVP)
	 in sentence "h and i both read the books and thought the movie moved so quickly."

"per" (POS=PP)
	 in sentence "higher than  per cent but not very high."

"btw" (POS=NP)
	 in sentence "btw he had appropriate deferments for the time."

"so," (POS=NP)
	 in sentence "so, you actually believe every word of what terral wrote?"

"hong" (POS=ADJP)
	 in sentence "last night japanese forces attacked hong kong."

"frozen." (POS=O)
	 in sentence "in  foxe basin was frozen."

"the mainstream media?" (POS=NP)
	 in sentence "you mean, you believe the word of the mainstream media?"

"be?" (POS=NP)
	 in sentence "what conviction would that be?"

"douche." (POS=O)
	 in sentence "you are a girl douche."

"the recent warming." (POS=NP)
	 in sentence "no, none of those factors account for the recent warming."

"wear, live in." (POS=NP)
	 in sentence "they produce nothing i can eat, wear, live in."

"would you?" (POS=VP)
	 in sentence "if you could kill one person to save four, would you?"

"on" (POS=NP)
	 in sentence "i am moving on to ask you the question: " where ' s the beef " ?"

"pro-abortion?" (POS=O)
	 in sentence "read more: you have never met anyone that is pro-abortion?"

"the hebrew tribes?" (POS=NP)
	 in sentence "why are you talking about women within the hebrew tribes?"

"the left." (POS=NP)
	 in sentence "if you asked , progressives, the numbers would be skewed to the left."

"mexico." (POS=NP)
	 in sentence "everyone else at the current prosperity level of mexico."

"dad?'" (POS=NP)
	 in sentence "my kids busted in and said 'whats that dad?'"

"should be rejected." (POS=VP)
	 in sentence "if evidence is not provided to support a position; then it should be rejected."

"fantasize" (POS=NP)
	 in sentence "sometimes i fantasize about having power."

"them" (POS=NP)
	 in sentence "please, what about them are not true."

"lyndon" (POS=PP)
	 in sentence "@lustig andrei, so lyndon johnson and john kennedy were compatible?"

"@lustig andrei, lustig," (POS=NP)
	 in sentence "@lustig andrei, lustig, agreed."

"now" (POS=ADVP)
	 in sentence "who does it now only produce enough for  billion?"

"fiction." (POS=NP)
	 in sentence "loose change started out as a work of fiction."

"a jury nullification." (POS=NP)
	 in sentence "double jeopardy actually enforces a jury nullification."

"not?" (POS=ADVP)
	 in sentence "we were talking about women as war bounty were we not?"

"matt holliday" (POS=NP)
	 in sentence "matt holliday owns, y'all."

"pure communism:" (POS=NP)
	 in sentence "pure communism: you have two cows."

"wtf" (POS=O)
	 in sentence "if it isn't a person, then wtf is it?"

"a black man." (POS=NP)
	 in sentence "my niece is married to a black man."

"obamas" (POS=NP)
	 in sentence "you might not like obamas views, but he has them."

"that" (POS=PP)
	 in sentence "that israel doesn't giva a **** what anybody else thinks."

"them?" (POS=NP)
	 in sentence "what do we get in return for doing the fighting for them?"

"wouldn't be homeopathy." (POS=VP)
	 in sentence "if it wasn't bollocks it wouldn't be homeopathy."

"is dead." (POS=VP)
	 in sentence "james : says faith without works is dead."

"submitted, steve" (POS=NP)
	 in sentence "respectfully submitted, steve i have seen ufo over warsaw in the past."

"own." (POS=O)
	 in sentence "if it wasn't alive, then it would miscarriage on it's own."

"today?" (POS=O)
	 in sentence "and the simple fact today?"

"the moment." (POS=NP)
	 in sentence "depending on which action furthers their loony-tunes agenda of the moment."

"sure," (POS=O)
	 in sentence "sure, it is possible his home was affected, but not the school."

"a marijuana-related crime." (POS=NP)
	 in sentence "like this  year old who was shot dead in a marijuana-related crime."

"dreamtech" (POS=NP)
	 in sentence "dreamtech never been ejaculated on as far as i know."

"here!" (POS=O)
	 in sentence "i have many problems with these men, way to many to state here!"

"was gone." (POS=VP)
	 in sentence ""then the captain was gone."

"before." (POS=O)
	 in sentence "to repeat: they are not as sovereign as they were before."

"were compatible?" (POS=VP)
	 in sentence "@lustig andrei, so lyndon johnson and john kennedy were compatible?"

"violent expansion." (POS=NP)
	 in sentence "the ideology was built around violent expansion, so yes - violent expansion."

"ever" (POS=ADVP)
	 in sentence "has annie ever used her sexuality like that?"

"damascus!" (POS=NP)
	 in sentence "russians in damascus!"

"fine." (POS=O)
	 in sentence "government spying on its own citizens, that's fine."

"california." (POS=O)
	 in sentence "mexico has zero claim to california."

"you?"" (POS=O)
	 in sentence ""in  it was a mental illness, now what are they teaching you?""

"frank," (POS=SBAR)
	 in sentence "@frank apisa, frank, i observe and perceive."

"place?" (POS=NP)
	 in sentence "did the transaction take place?"

"unless" (POS=PP)
	 in sentence "unless it's different in different countries?"

"you're" (POS=NP)
	 in sentence "you're asking me to prove a negative?"

"the titanic." (POS=NP)
	 in sentence "i don't believe there was any iceberg at all anywhere near the titanic."

"the right." (POS=NP)
	 in sentence "if you asked , conservatives, the numbers will be skewed to the right."

"hi" (POS=O)
	 in sentence "i have  years of "neener neener" rights hi wiggies!"

"can be married." (POS=VP)
	 in sentence "the government doesnt have to declare you married before you can be married."

"too much regulation," (POS=NP)
	 in sentence "you have too much regulation, not too little."

"gl, terral" (POS=NP)
	 in sentence "gl, terral that is absolutely amazing."

"his wife." (POS=NP)
	 in sentence "the one that has three walks home and beats his wife."

"ww?" (POS=NP)
	 in sentence "how exactly is germany being 'punished' for the stupidity of ww?"

"a fundamental human right." (POS=NP)
	 in sentence "oh, and again asserts that marriage is a fundamental human right."

"down." (POS=O)
	 in sentence "the prices of everything you own ie assets have gone down."

"not" (POS=O)
	 in sentence "nirvana is not oblivion."

"a conservative." (POS=NP)
	 in sentence "this is rich coming from a conservative."

"that" (POS=NP)
	 in sentence "and yet, the titanic story is the one that holds up to scrutiny of the evidence."

"libertarian." (POS=O)
	 in sentence "ergo it offends me when thatcherites call themselves libertarian."

"at" (POS=PP)
	 in sentence "there is no chance at a fair trial."

"implies?" (POS=O)
	 in sentence "do you not understand what the word 'led' implies?"

"as" (POS=SBAR)
	 in sentence "as far as legality goes i can use jury nullification."

""treat" (POS=ADJP)
	 in sentence ""bright but scatterbrained" becomes "treat with drugs"."

"a gas chamber." (POS=NP)
	 in sentence "they know that the video doesn't show a gas chamber."

"anything." (POS=O)
	 in sentence "-not- talking about it 'and' -not- doing anything."

"eots:" (POS=VP)
	 in sentence "hi eots: you fools..bought the  cover-up..hook.."

"cracklin' rosie" (POS=NP)
	 in sentence "cracklin' rosie by neil diamond we are all vessels filled with many wonders."

"have to" (POS=VP)
	 in sentence "you have to much intervention in free markets, not too little."

"that controversial" (POS=NP)
	 in sentence "yeah, i don't think this is that controversial either."

"the cover-up..hook.." (POS=NP)
	 in sentence "you fools..bought the  cover-up..hook.."

"damascus?" (POS=NP)
	 in sentence "why are russians in damascus?"

"you." (POS=NP)
	 in sentence "not as irritated as you."

"also" (POS=ADVP)
	 in sentence "iran is also a signed of the npt and the iaea."

"a suv, again," (POS=NP)
	 in sentence "if you want to buy a house or a suv, again, who cares?"

"ha," (POS=O)
	 in sentence "ah ha, ha, ha, ha, ha!"

"a position;" (POS=NP)
	 in sentence "if evidence is not provided to support a position; then it should be rejected."

"entrepreneurs." (POS=O)
	 in sentence "i think you are missing the point with entrepreneurs."

"the media??" (POS=NP)
	 in sentence "where in the world is the media??"

"again" (POS=ADVP)
	 in sentence "i ask again if god does not exist can anything be morally wrong?"

"ha," (POS=NP)
	 in sentence "ah ha, ha, ha, ha, ha!"

"umm," (POS=NP)
	 in sentence "umm, that pretty clearly states, "the statute is presumed constitutional.""

"didnt" (POS=NP)
	 in sentence "- i didnt say he planned on apprehending him."

"the recent decline." (POS=NP)
	 in sentence "they have actually showed a cooling trend since  due to the recent decline."

"landon" (POS=VP)
	 in sentence "landon memory from cats we are all vessels filled with many wonders."

""elves don't exist"" (POS=VP)
	 in sentence ""elves don't exist" - fine."

"that's" (POS=PP)
	 in sentence "imagine a place that's % white and % black."

"assume" (POS=NP)
	 in sentence "lets assume we have % white and % black."

"touch and untrustworthy?" (POS=NP)
	 in sentence "out of touch and untrustworthy?"

"thus, ultimate sovereignty." (POS=NP)
	 in sentence "thus, ultimate sovereignty."

"your country." (POS=NP)
	 in sentence "this is not your country."

"odins eye .nazi" (POS=NP)
	 in sentence "originally posted by odins eye .nazi is a slang term for the nswp."

"andrei," (POS=O)
	 in sentence "@lustig andrei, thank you, lustig."

"it's" (POS=VP)
	 in sentence "yes, it's legal to grow."

"you." (POS=UCP)
	 in sentence "my parents have told me it is bad for you."

"thinks." (POS=O)
	 in sentence "that israel doesn't giva a **** what anybody else thinks."

"views," (POS=O)
	 in sentence "you might not like obamas views, but he has them."

"a trillion dollars," (POS=NP)
	 in sentence "if i owe you a trillion dollars, you have a problem."

"this:" (POS=NP)
	 in sentence "furthermore i found this: so i actually read the op and guess what i found out."

"the evidence." (POS=NP)
	 in sentence "and yet, the titanic story is the one that holds up to scrutiny of the evidence."

"didn't" (POS=O)
	 in sentence "the argument was "albert einstein didn't go to college"."

"sorry!" (POS=O)
	 in sentence "originally posted by muslim girl ooops sorry!"

"elementary commodity-capital value-form" (POS=NP)
	 in sentence "elementary commodity-capital value-form ."

"different countries?" (POS=NP)
	 in sentence "unless it's different in different countries?"

"omg, "einstein" (POS=NP)
	 in sentence "omg, "einstein didn't go to college.""

"that ?!?!" (POS=NP)
	 in sentence "why are they looking at each other like that ?!?!"

"tho" (POS=VP)
	 in sentence "my hair is pretty thing tho :/ woops!"

"balance?" (POS=NP)
	 in sentence "do you see obama calling for cut, cap and balance?"

"hey, blue-eyes," (POS=NP)
	 in sentence "hey, blue-eyes, how's things in london?"

"little." (POS=O)
	 in sentence "you have too much regulation, not too little."

"posts." (POS=O)
	 in sentence "the infestation posts."

"my ex-fiance" (POS=NP)
	 in sentence "my best, kutte my ex-fiance wouldn't use the va or navy doctor's."

"the moloch scene." (POS=NP)
	 in sentence "this is the moloch scene."

"a baptist." (POS=NP)
	 in sentence "specifically a baptist."

"mexico's" (POS=NP)
	 in sentence " billion . everyone in the world at mexico's current prosperity level."

"political." (POS=O)
	 in sentence "islam has always been political."

"will." (POS=O)
	 in sentence "sometimes i, too, fantasise about bending people before my demented will."

"their constituents." (POS=NP)
	 in sentence "aye but they are responsible to their constituents."

"the question:" (POS=NP)
	 in sentence "so, i am dropping, for now, asking you the question: " where ' s the marx " ?"

"more expensive homes." (POS=NP)
	 in sentence "more expensive homes."

"islands." (POS=O)
	 in sentence "last night japanese forces attacked the philippine islands."

"is syn" (POS=VP)
	 in sentence "the primary focus of systematic dialectics is syn chronic, not dia chronic."

"-not-" (POS=O)
	 in sentence "-not- talking about it 'and' -not- doing anything."

"kong." (POS=O)
	 in sentence "last night japanese forces attacked hong kong."

"that he's" (POS=NP)
	 in sentence "the face of the franchise: the worst part is that he's not even a leafs fan!"

"upon" (POS=PP)
	 in sentence "or sin is removed upon entry to heaven."

"stale." (POS=O)
	 in sentence "your schtick is getting stale."

"to heaven." (POS=VP)
	 in sentence "or sin is removed upon entry to heaven."

"why" (POS=ADVP)
	 in sentence "this is why i support the death penalty."

"nukes"" (POS=NP)
	 in sentence ""being against nukes" does not mean "not wanting to use nukes"."

"presciption" (POS=NP)
	 in sentence "if so, alot of cops should take presciption drugs."

"a partial psychopath?" (POS=NP)
	 in sentence "was ted bundy a partial psychopath?"

"well, whatever, you're aware" (POS=NP)
	 in sentence "well, whatever, you're aware of it now."

"from" (POS=PP)
	 in sentence "how about some testimonies from real health experts?"

"direct responsibilty" (POS=NP)
	 in sentence "that is not direct responsibilty to the constituents."

"not outraged, i'm" (POS=NP)
	 in sentence "god bless i'm not outraged, i'm disappointed."

"the past." (POS=NP)
	 in sentence "i have seen ufo over warsaw in the past."

"santorum's" (POS=NP)
	 in sentence "david @omsigdavid, i think santorum's more likely than gingrich."

"yes." (POS=O)
	 in sentence "a man and a woman are different yes."

"ergo" (POS=O)
	 in sentence "ergo it offends me when thatcherites call themselves libertarian."

"woops!" (POS=O)
	 in sentence "my hair is pretty thing tho :/ woops!"

"my gosh," (POS=NP)
	 in sentence "my gosh, i'm the one with the pregnancy ticker."

"income tax, top rate: percent." (POS=NP)
	 in sentence "income tax, top rate:  percent."

"sex." (POS=O)
	 in sentence "no healthy person needs sex."

"really" (POS=ADVP)
	 in sentence "can he really make mone from google ad sense."

"them." (POS=O)
	 in sentence "you might not like obamas views, but he has them."

"itself" (POS=NP)
	 in sentence "fix?: islam itself is not political."

"drugs.." (POS=O)
	 in sentence "if so, alot of inventors, writers should take prescription drugs.."

"this?" (POS=NP)
	 in sentence "charlie rangel censured did anyone see the footage of this?"

"what" (POS=NP)
	 in sentence "you wanna know what i find curious?"

"usually" (POS=ADVP)
	 in sentence "i have  years of "neener neener" rights usually i get pretty decent care."

"is diachronico" (POS=VP)
	 in sentence "thus, meta - system - atic dialectic is diachronico - synchronic dialectic."

"doesn't" (POS=NP)
	 in sentence "religion that doesn't do that i don't have a problem with."

"messy." (POS=O)
	 in sentence "your misogyny is getting messy."

"angry," (POS=SBAR)
	 in sentence "if i'm angry, it will show up in one of those scans.."

"is safe." (POS=VP)
	 in sentence "the onus is on the manufacturer of a product to convince consumers it is safe."

"dickshot matt holliday" (POS=NP)
	 in sentence "dickshot matt holliday owns."

"a top hat." (POS=NP)
	 in sentence "i guess i pulled it out of the census's rear end in a top hat."

"we're" (POS=NP)
	 in sentence "we're talking about angels and common pins again, right?"

"google ad sense." (POS=NP)
	 in sentence "can he really make mone from google ad sense."

"neander's revised version." (POS=NP)
	 in sentence "dr. neander's revised version."

".nazi" (POS=NP)
	 in sentence ".nazi is a slang term for the nswp."

"overall." (POS=O)
	 in sentence "i think he'd be better for american business interests overall."

"the long term," (POS=NP)
	 in sentence "originally posted by zaf in the long term, yes."

"could never work."" (POS=VP)
	 in sentence "the point you quote should say "i never said rehabilitation could never work.""

"too" (POS=ADVP)
	 in sentence "he too notified captain lord."

"a fucking volt?" (POS=NP)
	 in sentence "are you driving a fucking volt?"

"together." (POS=O)
	 in sentence "wait until they become more consistent and closer together."

"all iranian related" (POS=NP)
	 in sentence "originally posted by lone fox and it's not all iranian related either."

"times," (POS=PP)
	 in sentence "most times, % of the time, we are getting what we expect."

"alright" (POS=NP)
	 in sentence "alright just got in."

"does" (POS=O)
	 in sentence "does he have supporters?"

"since" (POS=PP)
	 in sentence "they have actually showed a cooling trend since  due to the recent decline."

"any way." (POS=NP)
	 in sentence "we both thought the movie was good and we didn't find it confusing in any way."

"bush??" (POS=NP)
	 in sentence "how is this slanted against bush??"

"a liar." (POS=NP)
	 in sentence "your confusion doesn't make me a liar."

"a great lady." (POS=NP)
	 in sentence "she was a great lady."

"i'm not outraged, i'm" (POS=NP)
	 in sentence "i'm not outraged, i'm disappointed."

"the goal." (POS=NP)
	 in sentence "voracek with the goal."

"freefall?" (POS=NP)
	 in sentence "peeve so we agree that it came down essentially in freefall?"

"did." (POS=O)
	 in sentence "according to the girlfriend and zimmerman, he did."

"beers." (POS=O)
	 in sentence "i don't like flavored beers."

"real health experts?" (POS=NP)
	 in sentence "how about some testimonies from real health experts?"

"over-milligraming, nothing." (POS=NP)
	 in sentence "i've never accused him of over-milligraming, nothing."

"participate?" (POS=NP)
	 in sentence "what makes you think the owl didn't participate?"

"play." (POS=O)
	 in sentence "ive watched kids play."

"much?" (POS=O)
	 in sentence "personal responsibility much?"

"pfa" (POS=NP)
	 in sentence "you didn't mention pfa before that one post."

"how legitimate" (POS=NP)
	 in sentence "i don't know how legitimate this is, but i heard he's kind of suicidal."

"except" (POS=PP)
	 in sentence "except that it wasn't."

"a difference." (POS=NP)
	 in sentence "originally posted by zaf i suppose the water in the middle makes a difference."

"the battery." (POS=NP)
	 in sentence "all of the electrical energy comes from the battery."

"true." (POS=O)
	 in sentence "if so, state that is why they're not true."

"down," (POS=O)
	 in sentence "z stalked him down, then shot him."

"superiority." (POS=O)
	 in sentence "the ideology was built around violent expansion and race superiority."

"the kid?" (POS=NP)
	 in sentence "how long after the obliteration should it no longer bother the kid?"

"is malevolent." (POS=VP)
	 in sentence "then he is malevolent."

"could" (POS=O)
	 in sentence "could this have been an enema?"

"already" (POS=ADVP)
	 in sentence "you already did that - we have a muslim in office right now."

"you're" (POS=O)
	 in sentence "go figure you're asking me to prove a negative?"

"him" (POS=NP)
	 in sentence "but in the news broadcasts i have seen they did call him white."

""what" (POS=NP)
	 in sentence "zimmerman replied, "what are you doing here?""

"but" (POS=O)
	 in sentence "if you answer no to  but yes to  then you are probably straight."

"lance berkman" (POS=NP)
	 in sentence "the human element you could sign lance berkman at the end of the year i guess?"

"foxe" (POS=NP)
	 in sentence " foxe was mostly frozen."

"fact," (POS=NP)
	 in sentence "in fact, it's just the dutch."

"s" (POS=VP)
	 in sentence "so, i am dropping, for now, asking you the question: " where ' s the marx " ?"

"level." (POS=O)
	 in sentence " billion . everyone in the world at mexico's current prosperity level."

"anyway, welcome back." (POS=NP)
	 in sentence "anyway, welcome back."

"was black." (POS=VP)
	 in sentence "the point is an unarmed child was murdered who was black."

"my final word: ignoring" (POS=NP)
	 in sentence "my final word: ignoring has the effect of normalizing."

"don't" (POS=VP)
	 in sentence "i don't like flavored beers."

"pro-life" (POS=NP)
	 in sentence "part of pro-life is the opposition to legalized abortion."

"yes," (POS=NP)
	 in sentence "yes, it's legal to grow."

"those waters?" (POS=NP)
	 in sentence "but do you actually believe there was an iceberg in those waters?"

"money." (POS=NP)
	 in sentence "the problem isn't who has money."

"california." (POS=NP)
	 in sentence "at least mexico had a presence in california."

"says." (POS=O)
	 in sentence "umm the california was a cargo ship i dont care what the article says."

"the first place?" (POS=NP)
	 in sentence "where does the money come from in the first place?"

"the bailout" (POS=NP)
	 in sentence "the bailout was bigger than tarp bloomberg news."

"@lustig" (POS=NP)
	 in sentence "@lustig andrei, thank you, lustig."

"you," (POS=NP)
	 in sentence "@lustig andrei, thank you, lustig."

"the dutch." (POS=NP)
	 in sentence "it is mostly just the dutch."

"on." (POS=O)
	 in sentence "breathe in, breathe out, move on."

"iran" (POS=PP)
	 in sentence "i'd offer iran a deal."

"it." (POS=O)
	 in sentence "israel doesn't give a ****, accept it."

"highly." (POS=O)
	 in sentence "i purport to value human life very highly."

"charlie rangel censured" (POS=NP)
	 in sentence "charlie rangel censured did anyone see the footage of this?"

"a constitutional issue." (POS=NP)
	 in sentence "again, this is not a constitutional issue."

"toyland" (POS=NP)
	 in sentence "toyland by johnny mathis we are all vessels filled with many wonders."

".%/yr." (POS=NP)
	 in sentence "scenario a assumes that the co growth rate accelerates by .%/yr."

"is paid." (POS=VP)
	 in sentence "just so long as the tax on that sale is paid."

"up." (POS=O)
	 in sentence "originally posted by zaf i give up."

"the first place!" (POS=NP)
	 in sentence "we never got out of it in the first place!"

"most" (POS=NP)
	 in sentence "most times, % of the time, we are getting what we expect."

"many wonders." (POS=NP)
	 in sentence "ramblin' rose by nat king cole we are all vessels filled with many wonders."

"both different." (POS=NP)
	 in sentence "yes, they are both different."

"his car." (POS=NP)
	 in sentence "zimmerman says that he was sucker punched by his car."

"the sarg," (POS=NP)
	 in sentence "tin foil hat for the sarg, what size do u wear?"

"never" (POS=ADVP)
	 in sentence "we never got out of it in the first place!"

"perceive." (POS=O)
	 in sentence "@frank apisa, frank, i observe and perceive."

"a fair trial." (POS=NP)
	 in sentence "there's no chance of a fair trial."

"t./" (POS=O)
	 in sentence "although satellite intensity estimates from tafb and sab are only t./"

"everyone" (POS=NP)
	 in sentence "everyone in the world at the current "prosperity" level of northwest africa."

"no bribery," (POS=NP)
	 in sentence "no extortion, no bribery, no money involved he's asking for money for his vote."

""cyclopes" (POS=NP)
	 in sentence ""cyclopes don't exist" - fine."

"common stock," (POS=NP)
	 in sentence "if you want to buy $ billion in xyz inc. common stock, who cares?"

"me." (POS=NP)
	 in sentence "not astros or orioles bad gameday for the orioles game is frozen for me."

"would martin or anyone" (POS=VP)
	 in sentence "how would martin or anyone else know his intentions based on his actions?"

"here?"" (POS=O)
	 in sentence "zimmerman replied, "what are you doing here?""

"ramblin'" (POS=NP)
	 in sentence "ramblin' rose by nat king cole we are all vessels filled with many wonders."

"soft." (POS=O)
	 in sentence "i said you had gotten soft."

"the oilfields?" (POS=NP)
	 in sentence "nixon, ford and carter shut down the oilfields?"

"and," (POS=O)
	 in sentence "and, obama gets zero credit for the budget under him."

"morally" (POS=ADVP)
	 in sentence "morals do not exist, so technically nothing can be morally wrong."

"one?" (POS=O)
	 in sentence "are you driving one?"

"you're such a bad person!"" (POS=NP)
	 in sentence "you're such a bad person!""

"the books," (POS=NP)
	 in sentence "i haven't read the books, but i saw the movie today."

"cares?" (POS=O)
	 in sentence "if you want to buy $ billion in xyz inc. common stock, who cares?"

"furthers" (POS=PP)
	 in sentence "depending on which action furthers their loony-tunes agenda of the moment."

"american society?" (POS=NP)
	 in sentence "would he be better for american society?"

"us?" (POS=NP)
	 in sentence "so which system isn't working for us?"

""pressing" (POS=VP)
	 in sentence ""pressing the number one does english.""

"so sorry," (POS=ADJP)
	 in sentence "i'm so sorry, kelly."

"power." (POS=O)
	 in sentence "sometimes i fantasize about having power."

"lobby," (POS=NP)
	 in sentence "best way to get money out is to get rid of lobby, all of it."

"mone" (POS=NP)
	 in sentence "can he really make mone from google ad sense."

"the us?" (POS=NP)
	 in sentence "lol don't you have to take a test to drive a vehicle in the us?"

"@edgarblythe," (POS=NP)
	 in sentence "@edgarblythe, so lyndon johnson and john kennedy were compatible?"

"lustig." (POS=O)
	 in sentence "@lustig andrei, thank you, lustig."

"morals." (POS=O)
	 in sentence "it's not imposing morals."

"she" (POS=NP)
	 in sentence "i wood have asked her if she is up for a treesome."

"anyone." (POS=NP)
	 in sentence "pro-choice people do not try to force an abortion on anyone."

""i" (POS=NP)
	 in sentence "the point you quote should say "i never said rehabilitation could never work.""

"supposedly" (POS=ADVP)
	 in sentence "who supposedly operated the homicidal gas chambers?"

"idiocy." (POS=O)
	 in sentence "atlas shrugged it's also a stellar performer in terms of blithering idiocy."

"are written." (POS=VP)
	 in sentence "that's just not how legal briefs are written."

"can't" (POS=NP)
	 in sentence "i can't believe she is asking you to ask the helpful party guest for money!"

"fault." (POS=O)
	 in sentence "it is all bush's fault."

"the legal sense." (POS=NP)
	 in sentence "i said it wasn't a person, in the legal sense."

"your mind." (POS=NP)
	 in sentence "you need to make up your mind."

"suicidal." (POS=NP)
	 in sentence "i don't know how legitimate this is, but i heard he's kind of suicidal."

"didn't" (POS=ADVP)
	 in sentence "you didn't mention pfa before that one post."

""bright but scatterbrained"" (POS=NP)
	 in sentence ""bright but scatterbrained" becomes "treat with drugs"."

"top rate: percent." (POS=NP)
	 in sentence " - income, top rate:  percent."

"the pentagon." (POS=NP)
	 in sentence "you have no remains of a missile at the pentagon."

"this" (POS=NP)
	 in sentence "this is why i support the death penalty."

"okay, ultimate sovereignty?" (POS=NP)
	 in sentence "but okay, ultimate sovereignty?"

"many flavored drinks." (POS=NP)
	 in sentence "i don't like many flavored drinks."

"their actions." (POS=NP)
	 in sentence "you seem to think that poor people are not responsible for their actions."

"didn't" (POS=NP)
	 in sentence "i didn't say we had gotten soft since / rand."

"his "friends"" (POS=NP)
	 in sentence "his "friends" say that he was confronted by his car."

"should it" (POS=VP)
	 in sentence "how long after the obliteration should it no longer bother the kid?"

"completely untrustworthy," (POS=NP)
	 in sentence "out of touch and completely untrustworthy, however, wouldn't."

"ron paul?" (POS=NP)
	 in sentence "where in the world is ron paul?"

"herself." (POS=NP)
	 in sentence "pro-life people do not want a woman to be able to choose abortion for herself."

"for" (POS=PP)
	 in sentence "so, i am dropping, for now, asking you the question: " where ' s the marx " ?"

"being punished?" (POS=VP)
	 in sentence "how exactly are they being punished?"

"drugs"." (POS=NP)
	 in sentence ""bright but scatterbrained" becomes "treat with drugs"."

"it's" (POS=O)
	 in sentence "the manufacturer has to convince the government it's safe."

"said." (POS=O)
	 in sentence "and nugent was a complete fool to say what he said."

"half black." (POS=NP)
	 in sentence "my great niece is half black."

"place." (POS=NP)
	 in sentence "why did that transaction take place."

"inc." (POS=O)
	 in sentence "if you want to buy $ billion in xyz inc. common stock, who cares?"

"jim croce" (POS=NP)
	 in sentence "or this one by jim croce we are all vessels filled with many wonders."

"our country." (POS=NP)
	 in sentence "this is our country."

"absolutely" (POS=ADVP)
	 in sentence "hi ollie: that is absolutely amazing."

"so." (POS=O)
	 in sentence "if you haven't made any claims, then just say so."

"the video doesn't" (POS=NP)
	 in sentence "they know that the video doesn't show a gas chamber."

"muslim girl ooops" (POS=NP)
	 in sentence "originally posted by muslim girl ooops sorry!"

"be." (POS=O)
	 in sentence "it's definitely not what it used to be."

"just isn't" (POS=ADVP)
	 in sentence "that just isn't how legal reasoning works."

"years." (POS=NP)
	 in sentence "he hasn't been funny in years."

"extreme and leftwing." (POS=ADJP)
	 in sentence "obama is extreme and leftwing."

"normalizing." (POS=NP)
	 in sentence "my final word: ignoring has the effect of normalizing."

"anybody else" (POS=NP)
	 in sentence "that israel doesn't giva a **** what anybody else thinks."

"the alternator." (POS=NP)
	 in sentence "all of the electrical energy ultimately comes from the alternator."

"this is," (POS=NP)
	 in sentence "i don't know how legitimate this is, but i heard he's kind of suicidal."

"the constitution." (POS=NP)
	 in sentence "a law is constitutional if it does not conflict with the constitution."

"@frank" (POS=NP)
	 in sentence "@frank apisa, what you want to call it is up to you."

"would miscarriage" (POS=VP)
	 in sentence "if it wasn't alive, then it would miscarriage on it's own."

"no claim." (POS=NP)
	 in sentence "so that you will admit and verify that i have made no claim."

"-----------" (POS=O)
	 in sentence "------ ----------- what do we get in return for doing the fighting for them?"

"my best, kutte" (POS=NP)
	 in sentence "my best, kutte my ex-fiance wouldn't use the va or navy doctor's."

"your memory:" (POS=NP)
	 in sentence "refresh your memory: who supposedly operated the homicidal gas chambers?"

"christianity." (POS=NP)
	 in sentence "so yes, we do read the bible to learn about christianity."

""would" (POS=O)
	 in sentence ""would you like to pay for others health care?""

"jake" (POS=NP)
	 in sentence "jake with the assist."

"a developmental disorder?" (POS=NP)
	 in sentence "when did i compare homo sexuaity with a developmental disorder?"

"the other cheek!" (POS=NP)
	 in sentence ". satan represents vengeance instead of turning the other cheek!"

"my argument." (POS=NP)
	 in sentence "yes, i've assumed that all packaging would be recyclable in my argument."

"others" (POS=NP)
	 in sentence "you want others to decide over a woman body."

"being 'punished'" (POS=VP)
	 in sentence "how exactly is germany being 'punished' for the stupidity of ww?"

"today." (POS=O)
	 in sentence "candy - thanks for starting us off today."

"aggressor." (POS=NP)
	 in sentence "use of force by aggressor."

"lets" (POS=O)
	 in sentence "lets assume we have % white and % black."

":/" (POS=ADVP)
	 in sentence "my hair is pretty thing tho :/ woops!"

"the same thing." (POS=NP)
	 in sentence "it's not the same thing."

"you." (POS=O)
	 in sentence "@frank apisa, what you want to call it is up to you."

"the company." (POS=NP)
	 in sentence "ford didn't accept taxpayer money to save the company."

"definately" (POS=ADVP)
	 in sentence "god definately does not exist."

"by." (POS=O)
	 in sentence "red october standing by."

"chaperones?" (POS=NP)
	 in sentence "nutrax the plural of anecdote is not data did gentlemen need chaperones?"

"the npt" (POS=NP)
	 in sentence "iran is also a signed of the npt and the iaea."

"where" (POS=ADVP)
	 in sentence "so, i am dropping, for now, asking you the question: " where ' s the marx " ?"

"bush?" (POS=NP)
	 in sentence "where is the slant against bush?"

"corn: so," (POS=NP)
	 in sentence "gl, terral hi corn: so, you actually believe every word of what terral wrote?"

"no missile evidence." (POS=NP)
	 in sentence "no missile evidence."

"rid" (POS=ADJP)
	 in sentence "best way to get money out is to get rid of lobby, all of it."

"services?" (POS=O)
	 in sentence "how much is spent on abortions services?"

"definently" (POS=ADVP)
	 in sentence "he definently has supporters."

"my dear brother." (POS=NP)
	 in sentence "i be having conversations will cornell west my dear brother."

"around" (POS=PP)
	 in sentence "the ideology was built around violent expansion, so yes - violent expansion."

"that's fine." (POS=NP)
	 in sentence "government deciding what pregnancies need to be carried to term, that's fine."

"the messahe" (POS=NP)
	 in sentence "originally posted by solinvictus the messahe of all the scriptures is oneness."

"owns," (POS=ADJP)
	 in sentence "matt holliday owns, y'all."

"observe" (POS=NP)
	 in sentence "@cicerone imposter, frank, i observe and perceive."

"all anywhere" (POS=NP)
	 in sentence "i don't believe there was any iceberg at all anywhere near the titanic."

"anabelle what's" (POS=NP)
	 in sentence "originally posted by anabelle what's wrong with that?"

"yet" (POS=ADVP)
	 in sentence "yet you didn't have to declare it."

"goes?" (POS=O)
	 in sentence "should i just wait it out and see how it goes?"

"its a bad option." (POS=NP)
	 in sentence "doesnt mean its a bad option."

"apisa," (POS=ADVP)
	 in sentence "@frank apisa, frank, i observe and perceive."

"the east coast." (POS=NP)
	 in sentence "and a large part of the east coast."

"successful." (POS=O)
	 in sentence "he's not wealthy because he's successful."

"a law." (POS=NP)
	 in sentence "it's imposing a law."

"needs to be asked." (POS=VP)
	 in sentence "the question needs to be asked."

"trayvon." (POS=NP)
	 in sentence "i'm going to shout for justice for trayvon."

"is oneness." (POS=VP)
	 in sentence "originally posted by solinvictus the messahe of all the scriptures is oneness."

"velociraptor." (POS=NP)
	 in sentence "the money i spent adopting velociraptor."

"the nswp." (POS=NP)
	 in sentence ".nazi is a slang term for the nswp."

"everyone" (POS=VP)
	 in sentence " billion . everyone in the world at mexico's current prosperity level."

"there's space." (POS=NP)
	 in sentence "the great thing about living here is there's space."

"wouldn't." (POS=O)
	 in sentence "out of touch and completely untrustworthy, however, wouldn't."

"kelly." (POS=O)
	 in sentence "i'm so sorry, kelly."

"attached." (POS=O)
	 in sentence "it's about the baggage attached."

""in" (POS=SBAR)
	 in sentence ""in  it was a mental illness, now what are they teaching you?""

"is not expected." (POS=VP)
	 in sentence "tropical cyclone formation is not expected."

"i'd" (POS=VP)
	 in sentence "chuck i'd offer iran a deal."

"jacko!" (POS=NP)
	 in sentence "originally posted by jacko!"

"can" (POS=O)
	 in sentence "can he really make mone from google ad sense."

""gorgons" (POS=NP)
	 in sentence ""gorgons don't exist" - fine."

"gameday" (POS=NP)
	 in sentence "gameday for the orioles game is frozen for me."

"should" (POS=VP)
	 in sentence "how long after the obliteration should the kid return to school?"

"will be prohibited." (POS=VP)
	 in sentence "i don't understand how freedom of speech will be prohibited."

"there?" (POS=NP)
	 in sentence "also, who's to say there aren't testimonies from "real" health experts on there?"

"'and'" (POS=VP)
	 in sentence "-not- talking about it 'and' -not- doing anything."

"everything." (POS=NP)
	 in sentence "regulation get the government into everything."

"from" (POS=PRT)
	 in sentence "where does the money come from in the first place?"

"the time," (POS=NP)
	 in sentence "appropriate deferments for the time, eh?"

"his vote." (POS=NP)
	 in sentence "no extortion, no bribery, no money involved he's asking for money for his vote."

"when" (POS=ADVP)
	 in sentence "when did i compare homo sexuaity with a developmental disorder?"

"person.-a" (POS=NP)
	 in sentence "use of force in defense of person.-a"

"your built-in's!" (POS=NP)
	 in sentence "lol looking forward to seeing your built-in's!"

"have money." (POS=VP)
	 in sentence "the problem is who doesn't have money."

"!" (POS=O)
	 in sentence "morals have absolutely nothing to do with it !"

"particularly" (POS=ADVP)
	 in sentence "particularly after stating that marriage is a fundamental human right."

"is today." (POS=VP)
	 in sentence "your freedom of speech will be no more prohibited than it is today."

""fairies" (POS=NP)
	 in sentence ""fairies don't exist" - fine."

"the time." (POS=NP)
	 in sentence "btw he had appropriate deferments for the time."

"works?" (POS=O)
	 in sentence "is that how it works?"

"again, right?" (POS=ADVP)
	 in sentence "we're talking about angels and common pins again, right?"

"gingrich." (POS=NP)
	 in sentence "david @omsigdavid, i think santorum's more likely than gingrich."

"a problem." (POS=NP)
	 in sentence "irreligion that does that i have a problem."

""what's" (POS=NP)
	 in sentence "mom busted in and said, "what's that noise?""

"are saying?" (POS=VP)
	 in sentence "do you notice the nonsensical things you are saying?"

""leprechauns" (POS=NP)
	 in sentence ""leprechauns don't exist" - fine."

"nugent" (POS=NP)
	 in sentence "and nugent was a complete fool to say what he said."

"of" (POS=SBAR)
	 in sentence "this eclipses the old record of  set in ."

"doesn't" (POS=ADVP)
	 in sentence "the bottom line is that the video clip doesn't show a gas chamber."

"though." (POS=O)
	 in sentence "that's not the moloch scene, though."

"money!" (POS=NP)
	 in sentence "i can't believe she is asking you to ask the helpful party guest for money!"

"heavily." (POS=O)
	 in sentence "you purport to value life very heavily."

"fine." (POS=NP)
	 in sentence ""fairies don't exist" - fine."

"his charges." (POS=NP)
	 in sentence "yes what are his charges."

"let's" (POS=NP)
	 in sentence "let's let this play out in court."

"admin" (POS=VP)
	 in sentence "- admin drpizza and i'd forgotten what a whiny little bed wetter you are."

"math." (POS=NP)
	 in sentence "mann's work was all about math."

"answer yes" (POS=VP)
	 in sentence "if you answer yes to  and no to  you are probably straight."

"his actions?" (POS=NP)
	 in sentence "how would martin or anyone else know his intentions based on his actions?"

""" (POS=O)
	 in sentence "so, i am dropping, for now, asking you the question: " where ' s the marx " ?"

"all." (POS=NP)
	 in sentence "i don't see him as evil at all."

"free markets," (POS=NP)
	 in sentence "you have to much intervention in free markets, not too little."

"the trillionth time, i've" (POS=NP)
	 in sentence "for the trillionth time, i've never said rehabilitation doesn't work."

"me?"" (POS=NP)
	 in sentence "martin said, "why are you following me?""

"everything" (POS=NP)
	 in sentence "the prices for everything you need have gone up due to inflation."

"oblivion." (POS=NP)
	 in sentence "nirvana is very different than oblivion."

"back." (POS=O)
	 in sentence "then the captain came back."

"said?" (POS=VP)
	 in sentence "do you know how many passengers testified or what they said?"

"are" (POS=O)
	 in sentence "why are they looking at each other like that ?!?!"

"this?" (POS=O)
	 in sentence "i be having conversations will cornell west what the hell is this?"

"personally" (POS=ADVP)
	 in sentence "personally i would read the bible to learn about christianity."

"the govt." (POS=NP)
	 in sentence "their vast properties are protected by the govt."

"a pedestal?" (POS=NP)
	 in sentence "why do people like you put scientist on a pedestal?"

"for" (POS=SBAR)
	 in sentence "my parents have told me it is bad for you."

"so, alot" (POS=NP)
	 in sentence "if so, alot of cops should take presciption drugs."

"these institutions." (POS=NP)
	 in sentence "some people have complete confidence in the people running these institutions."

"americans." (POS=O)
	 in sentence "we in britain think differently to americans."

"all," (POS=NP)
	 in sentence "you don't use the search button at all, do you?"

"no extortion," (POS=NP)
	 in sentence "no extortion, no bribery, no money involved he's asking for money for his vote."

"zimmerman" (POS=NP)
	 in sentence "according to zimmerman he did."

"and" (POS=O)
	 in sentence "if you answer yes to  and no to  you are probably straight."

"voracek" (POS=NP)
	 in sentence "voracek with the goal."

"different yes?" (POS=NP)
	 in sentence "men and women are different yes?"

"your lo" (POS=NP)
	 in sentence "i hope your lo is ok."

""extreme"." (POS=O)
	 in sentence "depends on how you define "extreme"."

"others health care?"" (POS=NP)
	 in sentence ""would you like to pay for others health care?""

"didn't" (POS=VP)
	 in sentence "what makes you think the owl didn't participate?"

"gotta" (POS=NP)
	 in sentence "gotta love the ek factoid that "iran is also a signed of the npt and the iaea."

"lower than" (POS=NP)
	 in sentence "lower than  per cent but not very low."

"maybe record." (POS=VP)
	 in sentence "warm , maybe record."

"it's" (POS=ADVP)
	 in sentence "it's not imposing morals."

"simply" (POS=ADVP)
	 in sentence "there is simply no winning for obama among conservatives."

"terrorism." (POS=O)
	 in sentence "when muslims are extreme it's terrorism."

"atleast" (POS=SBAR)
	 in sentence "you might not like the positions he holds, but atleast he has them."

"an iceberg?" (POS=NP)
	 in sentence "how many passengers said they saw an iceberg?"

"indulgence instead" (POS=NP)
	 in sentence "satan represents indulgence instead of abstinence!"

"christmas" (POS=SBAR)
	 in sentence "landon and so this is christmas we are all vessels filled with many wonders."

"sleep." (POS=O)
	 in sentence "the one that has  walks home afterwards and goes to sleep."

"you?" (POS=O)
	 in sentence "you don't use the search button much, do you?"

"for abortion services?" (POS=NP)
	 in sentence "% how much money does pp take in for abortion services?"

"it!" (POS=O)
	 in sentence "look forward to seeing it!"

"work." (POS=O)
	 in sentence "for the trillionth time, i've never said rehabilitation doesn't work."

"a hit, you're" (POS=NP)
	 in sentence "if you leap up to make a hit, you're getting a penalty."

"what's" (POS=NP)
	 in sentence "what's your definition of nature?"

"was sold," (POS=VP)
	 in sentence "it's not how it was sold, gb."

"jond" (POS=NP)
	 in sentence "originally posted by jond doubtful."

"either." (POS=O)
	 in sentence "i didn't mention restraining order either."

"know." (POS=O)
	 in sentence "dreamtech never been ejaculated on as far as i know."

"is unconstuitutional." (POS=VP)
	 in sentence "jury nullification does not mean that a law is unconstuitutional."

"marriage." (POS=O)
	 in sentence "and i don't fight for marriage."

"sometimes" (POS=ADVP)
	 in sentence "sometimes i fantasize about having power."

"if" (POS=SBAR)
	 in sentence "if you answer yes to  and no to  you are probably straight."

"before" (POS=SBAR)
	 in sentence "the government doesnt have to declare you married before you can be married."

"don't" (POS=ADVP)
	 in sentence ""fairies don't exist" - fine."

"is unacceptable." (POS=VP)
	 in sentence "being drunk is unacceptable."

"definitely not" (POS=ADVP)
	 in sentence "it's definitely not what it used to be."

"well," (POS=ADVP)
	 in sentence "well, whatever, you are now."

"its an option." (POS=NP)
	 in sentence "it means its an option."

"much," (POS=ADVP)
	 in sentence "you don't use the search button much, do you?"

"have supporters?" (POS=VP)
	 in sentence "does he have supporters?"

"thus, meta" (POS=ADJP)
	 in sentence "thus, meta - system - atic dialectic is diachronico - synchronic dialectic."

"is ok." (POS=VP)
	 in sentence "i hope your lo is ok."

"disappointed." (POS=O)
	 in sentence "i'm not outraged, i'm disappointed."

"catholics." (POS=O)
	 in sentence "if they were catholics, i would call them catholics."

"two cows." (POS=NP)
	 in sentence "pure communism: you have two cows."

"body." (POS=O)
	 in sentence "i am not the one claiming the right to decide over another woman's body."

"to" (POS=PP)
	 in sentence "the prices for everything you need have gone up due to inflation."

"the change." (POS=NP)
	 in sentence "i think we all agree on the nature of the change."

"whatever," (POS=O)
	 in sentence "well, whatever, you are now."

"runs" (POS=O)
	 in sentence "runs victim down got any proof?"

"compare homo sexuaity" (POS=NP)
	 in sentence "when did i compare homo sexuaity with a developmental disorder?"

"actually" (POS=ADVP)
	 in sentence "double jeopardy actually enforces a jury nullification."

"i've" (POS=NP)
	 in sentence "i've never accused him of over-milligraming, nothing."

"conservatives." (POS=NP)
	 in sentence "there is simply no winning for obama among conservatives."

"one." (POS=O)
	 in sentence "any woman that wants and abortion can get one."

"realistic." (POS=O)
	 in sentence "originally posted by spikdboy not wishful thinking, rather realistic."

"blue-eyes," (POS=ADJP)
	 in sentence "**smooches ran** hey, blue-eyes, how's things in london?"

"wasn't" (POS=VP)
	 in sentence "i said it wasn't a person, in the legal sense."

"its existence." (POS=NP)
	 in sentence "therefore, the universe has an explanation of its existence."

"imo." (POS=O)
	 in sentence "the new study shows that the titanic story does not stand up to scrutiny imo."

"eh?" (POS=O)
	 in sentence "appropriate deferments for the time, eh?"

"ditto." (POS=LST)
	 in sentence "my hair is pretty thing tho :/ quote: ditto."

"will cornell" (POS=VP)
	 in sentence "i be having conversations will cornell west my dear brother."

"% white and %" (POS=NP)
	 in sentence "imagine a place that's % white and % black."

"to liberty." (POS=VP)
	 in sentence "democracy is a threat to liberty."

"not" (POS=ADVP)
	 in sentence "if so, state that is why they're not true."

"collapse." (POS=NP)
	 in sentence "and videos seismic data does not equal duration of collapse."

"the springhallconvert?" (POS=NP)
	 in sentence "you mean, you believe the word of the springhallconvert?"

"therefore," (POS=O)
	 in sentence "therefore, the universe has an explanation of its existence."

"to" (POS=NP)
	 in sentence "we in britain think differently to americans."

"neander's revised version"?" (POS=NP)
	 in sentence "neander's revised version"?"

"just the dutch." (POS=NP)
	 in sentence "in fact, it's just the dutch."

"no more sperm cell." (POS=NP)
	 in sentence "there is no more sperm cell."

"%" (POS=NP)
	 in sentence "% how much money does pp take in for abortion services?"

"my demented" (POS=NP)
	 in sentence "sometimes i, too, fantasise about bending people before my demented will."

"it." (POS=NP)
	 in sentence ""jane" wants me to ask the helpful party guest to pay for it."

"cells." (POS=NP)
	 in sentence "it's just a bunch of cells."

"apisa," (POS=VP)
	 in sentence "@frank apisa, what you want to call it is up to you."

"jews." (POS=O)
	 in sentence "if they were jews, i would call them jews."

"too." (POS=O)
	 in sentence "i have  years of "neener neener" rights i use lettuce too."

"to be born." (POS=VP)
	 in sentence "if it wasn't a life, then it would not be able to be born."

""." (POS=O)
	 in sentence "you claimed zimmerman " stalked him down, then shot him "."

"'" (POS=NP)
	 in sentence "so, i am dropping, for now, asking you the question: " where ' s the marx " ?"

"be morally wrong?" (POS=VP)
	 in sentence "i ask again if god does not exist can anything be morally wrong?"

"agreed." (POS=O)
	 in sentence "@lustig andrei, lustig, agreed."

"a penalty." (POS=NP)
	 in sentence "if you leap up to make a hit, you're getting a penalty."

"juror nullification." (POS=NP)
	 in sentence "the jury is not told about juror nullification."

"israel doesn't" (POS=NP)
	 in sentence "that israel doesn't giva a **** what anybody else thinks."

"hilited" (POS=VP)
	 in sentence "hilited your common sense/deductive reasoning thing."

"what isn't" (POS=NP)
	 in sentence "what isn't how what was sold?"

"any proof?" (POS=NP)
	 in sentence "runs victim down got any proof?"

"another woman's" (POS=NP)
	 in sentence "i am not the one claiming the right to decide over another woman's body."

"is okay." (POS=VP)
	 in sentence "i hope everything is okay."

"again," (POS=SBAR)
	 in sentence "again, this is not a constitutional issue."

"important." (POS=O)
	 in sentence "some believe the 'right' is most important."

"that's" (POS=SBAR)
	 in sentence "that's just not how legal briefs are written."

"is yours!" (POS=VP)
	 in sentence "florida the ignorance is yours!"

"the franchise:" (POS=NP)
	 in sentence "the face of the franchise: the worst part is that he's not even a leafs fan!"

"of" (POS=PP)
	 in sentence "the prices of everything you own ie assets have gone down."

"tafb and sab" (POS=NP)
	 in sentence "although satellite intensity estimates from tafb and sab are only t./"

"different countries." (POS=NP)
	 in sentence "so, short form, yes, it probably is different in different countries."

"objectivism not wishful thinking," (POS=NP)
	 in sentence "originally posted by objectivism not wishful thinking, rather realistic."

"before" (POS=PP)
	 in sentence "you didn't mention pfa before that one post."

"profanity." (POS=O)
	 in sentence "edited by lashl: edited to properly mask profanity."

"blithering" (POS=NP)
	 in sentence "atlas shrugged it's also a stellar performer in terms of blithering idiocy."

"everything?"" (POS=NP)
	 in sentence ""get the government into everything?""

"anything" (POS=NP)
	 in sentence "do you have anything to make it less compelling or not?"

"marriages." (POS=O)
	 in sentence "it wouldn't stop joke marriages."

"is misleading." (POS=VP)
	 in sentence "the bailout was bigger than tarp this title is misleading."

"feel?" (POS=O)
	 in sentence "should i just tell her how i feel?"

"witnesses." (POS=O)
	 in sentence "no missile witnesses."

"to assume." (POS=VP)
	 in sentence "his position is that it is the individual's risk to assume."

"hasn't" (POS=PP)
	 in sentence "council tax hasn't council tax been frozen for most people?"

"form," (POS=PP)
	 in sentence "so, short form, yes, it probably is different in different countries."

"people." (POS=O)
	 in sentence "the whole earth combined produces enough food for  billion people."

"repetetive?" (POS=NP)
	 in sentence "religious fiction isn't that redundant and repetetive?"

"ran**" (POS=VP)
	 in sentence "**smooches ran** hey, blue-eyes, how's things in london?"

"more expensive" (POS=NP)
	 in sentence "more expensive cars."

"are meant to explore." (POS=VP)
	 in sentence "we are meant to explore."

"jews," (POS=NP)
	 in sentence "if they were jews, i would call them jews."

"into" (POS=PP)
	 in sentence "regulation get the government into everything."

"lacey" (POS=O)
	 in sentence "lacey - welcome back!"

"a libertarian." (POS=NP)
	 in sentence "no thatcherite can ever call themselves a libertarian."

"a shithole." (POS=NP)
	 in sentence "haiti is a shithole."

"jews."" (POS=NP)
	 in sentence "i don't prefix or suffix everything with "you hate jews.""

"four," (POS=NP)
	 in sentence "if you could kill one person to save four, would you?"

"the series?" (POS=NP)
	 in sentence "what's my opinion regarding the series?"

"because" (POS=SBAR)
	 in sentence "why hate people because they are successful?"

"chicago?" (POS=NP)
	 in sentence "what was the "answer" in chicago?"

"a law isn't constitutional?" (POS=NP)
	 in sentence "jury nullification means a law isn't constitutional?"

"its bad for you." (POS=NP)
	 in sentence "officers have told me its bad for you."

"that," (POS=PP)
	 in sentence "and until they decide that, "the statute is presumed constitutional.""

"anyone" (POS=NP)
	 in sentence "dutchy has anyone heard from dutchy?"

"hey," (POS=NP)
	 in sentence "**smooches ran** hey, blue-eyes, how's things in london?"

"the constitutionality" (POS=NP)
	 in sentence "jury nullification has nothing to do with the constitutionality of laws."

"the case?" (POS=NP)
	 in sentence "how would martin not know that that was not the case?"

"gambling." (POS=O)
	 in sentence "no healthy person needs gambling."

"constitutional."" (POS=NP)
	 in sentence "umm, that pretty clearly states, "the statute is presumed constitutional.""

"the face, you're" (POS=NP)
	 in sentence "if your stick hits a guy in the face, you're getting a penalty."

""oh, you're" (POS=NP)
	 in sentence ""oh, you're such a good person!"

"the west coast." (POS=NP)
	 in sentence "and parts of the west coast."

"curious." (POS=NP)
	 in sentence "that's what i find curious."

"no to" (POS=NP)
	 in sentence "if you answer no to  but yes to  then you are probably straight."

"liberty." (POS=NP)
	 in sentence "democracy has nothing to do with liberty."

"cheers:" (POS=NP)
	 in sentence "the theme song to cheers: we are all vessels filled with many wonders."

"many" (POS=NP)
	 in sentence "i have many problems with these men, way to many to state here!"

"everyone else" (POS=NP)
	 in sentence "everyone else at the current prosperity level of mexico."

"a three-page letter." (POS=NP)
	 in sentence "holder filed a three-page letter."

"couldn't." (POS=O)
	 in sentence "except that they couldn't."

":/ quote:" (POS=NP)
	 in sentence "my hair is pretty thing tho :/ quote: ditto."

"are." (POS=O)
	 in sentence "- admin drpizza and i'd forgotten what a whiny little bed wetter you are."

"john" (POS=PP)
	 in sentence "proverbs  john the baptist was a nazarite from birth."

"dutchy?" (POS=NP)
	 in sentence "dutchy has anyone heard from dutchy?"

""iran" (POS=NP)
	 in sentence "gotta love the ek factoid that "iran is also a signed of the npt and the iaea."

"a crime." (POS=NP)
	 in sentence "being in a gang isnt a crime."

"should" (POS=O)
	 in sentence "should i just tell her how i feel?"

"higher than" (POS=NP)
	 in sentence "higher than  per cent but not very high."

"ticker." (POS=O)
	 in sentence "my gosh, i'm the one with the pregnancy ticker."

"xanis." (POS=O)
	 in sentence "got some heine and coors light i started it last night xanis."

"london?" (POS=NP)
	 in sentence "hey, blue-eyes, how's things in london?"

"evils." (POS=O)
	 in sentence "i don't see obama as the lesser of two evils."

"nothing." (POS=O)
	 in sentence "i hope this is nothing."

"bet." (POS=O)
	 in sentence "more factchecking: i don't know why anyone is making a fuss over the $, bet."

"zimmerman," (POS=VP)
	 in sentence "according to the girlfriend and zimmerman, he did."

"how" (POS=ADVP)
	 in sentence "how about some testimonies from real health experts?"

"birth." (POS=NP)
	 in sentence "proverbs  john the baptist was a nazarite from birth."

"down essentially" (POS=ADVP)
	 in sentence "peeve so we agree that it came down essentially in freefall?"

"annie" (POS=NP)
	 in sentence "has annie ever used her sexuality like that?"

"david @omsigdavid," (POS=NP)
	 in sentence "david @omsigdavid, i think santorum's more likely than gingrich."

"chronic, not dia chronic." (POS=NP)
	 in sentence "the primary focus of systematic dialectics is syn chronic, not dia chronic."

"the warming, or not." (POS=NP)
	 in sentence "you don't know if those factors account for the warming, or not."

"h and" (POS=NP)
	 in sentence "h and i both read the books and thought the movie moved so quickly."

"redundant and repetetive?" (POS=NP)
	 in sentence "isn't that redundant and repetetive?"

"school?" (POS=NP)
	 in sentence "how long after the obliteration should the kid return to school?"

"repeat:" (POS=NP)
	 in sentence "i repeat: and the simple fact today?"

"less "impact"" (POS=ADJP)
	 in sentence "but it seems it would have less "impact" if they didn't call him white."

"ann romney" (POS=NP)
	 in sentence "ann romney has never had to get out and be a part of the workforce."

"trying to hide?" (POS=VP)
	 in sentence "what are they trying to hide?"

"shows." (POS=O)
	 in sentence "that's what the data available shows."

"drugs." (POS=O)
	 in sentence "if so, alot of cops should take presciption drugs."

"-" (POS=O)
	 in sentence ""fairies don't exist" - fine."

"their lonny-tunes" (POS=NP)
	 in sentence "depending on which action furthers their lonny-tunes agenda."

"most people?" (POS=NP)
	 in sentence "council tax hasn't council tax been frozen for most people?"

"just not" (POS=ADVP)
	 in sentence "that's just not how legal briefs are written."

"asked:" (POS=PP)
	 in sentence "i then asked: what are they trying to hide?"

"its existence," (POS=NP)
	 in sentence "if the universe has an explanation of its existence, that explanation is god."

"almost certainly" (POS=ADVP)
	 in sentence "warmer , almost certainly a record."

"." (POS=O)
	 in sentence "pacific requirements ."

""then" (POS=ADVP)
	 in sentence ""then the captain was gone."

"jury nullification." (POS=NP)
	 in sentence "as far as legality goes i can use jury nullification."

"henry." (POS=NP)
	 in sentence "you seem as irritated as henry."

"hitler killing jews?" (POS=NP)
	 in sentence "s as you wish: do you see hitler killing jews?"

"absolutely" (POS=ADJP)
	 in sentence "gl, terral that is absolutely amazing."

"billion?" (POS=NP)
	 in sentence "who does it now only produce enough for  billion?"

"was murdered." (POS=VP)
	 in sentence "the point is an unarmed child was murdered."

"this show." (POS=NP)
	 in sentence "still love this show."

"such a good person!" (POS=NP)
	 in sentence ""oh, you're such a good person!"

"er," (POS=NP)
	 in sentence "er, that's not how dilution works."

"so" (POS=O)
	 in sentence "so answer the question."

"spikdboy not wishful thinking," (POS=NP)
	 in sentence "originally posted by spikdboy not wishful thinking, rather realistic."

"the unborn" (POS=NP)
	 in sentence "some believe not slaughtering the unborn is most important."

"the oil fields." (POS=NP)
	 in sentence "no has has shut down the oil fields."

"that." (POS=O)
	 in sentence "the problem is simpler than that."

"don't" (POS=NP)
	 in sentence "i don't believe there was any iceberg at all anywhere near the titanic."

"east." (POS=O)
	 in sentence "war in the middle east."

"out." (POS=O)
	 in sentence "best way to turn it on its head is to get money out."

"prior." (POS=O)
	 in sentence "from the year prior."

"a proposed model." (POS=NP)
	 in sentence "i don't have a proposed model."

"the qur'an." (POS=NP)
	 in sentence "the muslims would say the same thing about the qur'an."

"help." (POS=O)
	 in sentence "but we can't do it without help."

"apprehending" (POS=NP)
	 in sentence "- i didnt say he planned on apprehending him."

"rehabilitation doesn't" (POS=NP)
	 in sentence "for the trillionth time, i've never said rehabilitation doesn't work."

"although" (POS=PP)
	 in sentence "although satellite intensity estimates from tafb and sab are only t./"

"is compassionate." (POS=VP)
	 in sentence "don't want a president that is compassionate."

"can eat," (POS=VP)
	 in sentence "they produce nothing i can eat, wear, live in."

"lone fox you've" (POS=NP)
	 in sentence "originally posted by lone fox you've said that multiple times now."

"base." (POS=O)
	 in sentence "natalie was a complete fool to have insulted their fan base."

"hi" (POS=PP)
	 in sentence "gl, terral hi corn: so, you actually believe every word of what terral wrote?"

"please," (POS=VP)
	 in sentence "please, what about them are not true."

"the twain quote." (POS=NP)
	 in sentence "again i think you are missing the point on the twain quote."

"than" (POS=PP)
	 in sentence "the problem is simpler than that."

"among" (POS=PP)
	 in sentence "there is simply no winning for obama among conservatives."

"an official deployment." (POS=NP)
	 in sentence "its not an official deployment."

"fundamental difference?" (POS=NP)
	 in sentence "fundamental difference?"

""opinionated and stubborn"" (POS=NP)
	 in sentence ""opinionated and stubborn" becomes treat with drugs"."

"," (POS=O)
	 in sentence "if you asked , conservatives, the numbers will be skewed to the right."

"supporters." (POS=O)
	 in sentence "he definently has supporters."

"to grow." (POS=VP)
	 in sentence "yes, it's legal to grow."

"genetics." (POS=O)
	 in sentence "genetic predisposition to cancer resistance is superior genetics."

"as" (POS=PP)
	 in sentence "as to would i kill  person to save , i have no idea."

"a top hat?" (POS=NP)
	 in sentence "does the census have an rear end in a top hat?"

"lol" (POS=NP)
	 in sentence "lol looking forward to seeing your built-in's!"

"guess?" (POS=NP)
	 in sentence "the human element you could sign lance berkman at the end of the year i guess?"

"that one post." (POS=NP)
	 in sentence "you didn't mention pfa before that one post."

"the co growth rate accelerates" (POS=NP)
	 in sentence "scenario a assumes that the co growth rate accelerates by .%/yr."

"are successful?" (POS=VP)
	 in sentence "why hate people because they are successful?"

"never," (POS=ADVP)
	 in sentence "never, did i ever, did i say blacks were going to riot."

"california?" (POS=NP)
	 in sentence "what will be the response in california?"

"the iaea." (POS=NP)
	 in sentence "iran is also a signed of the npt and the iaea."

"one do?"" (POS=NP)
	 in sentence ""what does pressing the number one do?""

"lashl: edited" (POS=NP)
	 in sentence "edited by lashl: edited to properly mask profanity."

"court." (POS=NP)
	 in sentence "let's let this play out in court."

"is not free." (POS=VP)
	 in sentence "if freedom of speech has consequences then it is not free."

"consequences!" (POS=NP)
	 in sentence "freedom of speech has consequences!"

"are stupid." (POS=VP)
	 in sentence "fern i think stories like this are stupid."

"heaven." (POS=NP)
	 in sentence ". sinful people do not get to heaven."

"authoritarian?" (POS=O)
	 in sentence "originally posted by vienna how was it authoritarian?"

"ignorant." (POS=O)
	 in sentence "lol, you are so ignorant."

"yes, i've" (POS=NP)
	 in sentence "yes, i've assumed that all packaging would be recyclable in my argument."

"obama" (POS=NP)
	 in sentence "do you see obama calling for regulation reform?"

"their death." (POS=NP)
	 in sentence "that would make you partially responsible for their death."

"hypocrites." (POS=NP)
	 in sentence "the people shouting for justice for trayvon are all hypocrites."

"a nazarite" (POS=NP)
	 in sentence "proverbs  john the baptist was a nazarite from birth."

"you" (POS=NP)
	 in sentence "so, i am dropping, for now, asking you the question: " where ' s the marx " ?"

"synchronic dialectic." (POS=NP)
	 in sentence "thus, meta - system - atic dialectic is diachronico - synchronic dialectic."

"solinvictus" (POS=NP)
	 in sentence "originally posted by solinvictus the messahe of all the scriptures is oneness."

"ha!" (POS=O)
	 in sentence "ah ha, ha, ha, ha, ha!"

"depending" (POS=PP)
	 in sentence "depending on which action furthers their loony-tunes agenda of the moment."

"buwhahahaha" (POS=NP)
	 in sentence "buwhahahaha breathe in, breathe out, move on."

"the canon?" (POS=NP)
	 in sentence "why was the book of thomas left out of the canon?"

"libertarian/anarcho-capitalism:" (POS=NP)
	 in sentence "libertarian/anarcho-capitalism: you have two cows."

"reinforcing." (POS=NP)
	 in sentence "taking advantage has the effect of reinforcing."

"wasn't." (POS=O)
	 in sentence "except that it wasn't."

"a record." (POS=NP)
	 in sentence "warmer , almost certainly a record."

"fundimental difference, please?" (POS=NP)
	 in sentence "fundimental difference, please?"

"works." (POS=O)
	 in sentence "nah, that's not how it works."

"the extreme leftwing." (POS=NP)
	 in sentence "obama is part of the extreme leftwing."

"eleanor.ellis" (POS=NP)
	 in sentence "originally posted by eleanor.ellis"

"however," (POS=ADVP)
	 in sentence "out of touch and completely untrustworthy, however, wouldn't."

"ups." (POS=O)
	 in sentence "i have  years of "neener neener" rights they are crack ups."

"a mental illness," (POS=NP)
	 in sentence ""in  it was a mental illness, now what are they teaching you?""

"@cicerone imposter, frank," (POS=NP)
	 in sentence "@cicerone imposter, frank, i observe and perceive."

"those" (POS=NP)
	 in sentence "those may be my top . the money i spent adopting velociraptor."

"china." (POS=NP)
	 in sentence "march  is also the date for the uprising in china."

"johnny mathis" (POS=NP)
	 in sentence "toyland by johnny mathis we are all vessels filled with many wonders."

"has" (POS=O)
	 in sentence "has annie ever used her sexuality like that?"

"if" (POS=PP)
	 in sentence "i wood have at least asked if a threesome was out of the question."

"its just simply religion." (POS=VP)
	 in sentence "when christians are extreme its just simply religion."

"now," (POS=ADVP)
	 in sentence "so, i am dropping, for now, asking you the question: " where ' s the marx " ?"

"dollars," (POS=NP)
	 in sentence "if i owe you , dollars, i have a problem."

"**smooches" (POS=NP)
	 in sentence "**smooches ran** hey, blue-eyes, how's things in london?"

"no weapons." (POS=NP)
	 in sentence "there were no weapons."

"extreme." (POS=O)
	 in sentence "it depends how you define extreme."

"income," (POS=VP)
	 in sentence " - income, top rate:  percent."

"the thread." (POS=NP)
	 in sentence "thanks candy for starting the thread."

"not" (POS=VP)
	 in sentence "it's not how it was sold, gb."

"change." (POS=O)
	 in sentence "it is an excellent indicator of climate change."

"@nickfun," (POS=NP)
	 in sentence "@nickfun, has anyone heard from dutchy?"

"because" (POS=PP)
	 in sentence "he's not wealthy because he's successful."

"the question." (POS=NP)
	 in sentence "i wood have at least asked if a threesome was out of the question."

"agenda." (POS=O)
	 in sentence "depending on which action furthers their lonny-tunes agenda."

"sadly" (POS=ADVP)
	 in sentence "sadly ford did accept taxpayer money."

"do" (POS=O)
	 in sentence "do you see obama calling for regulation reform?"

"him." (POS=O)
	 in sentence "z stalked him down, then shot him."

"wiggies!" (POS=O)
	 in sentence "i have  years of "neener neener" rights hi wiggies!"

""get" (POS=VP)
	 in sentence ""get the government into everything?""

"not." (POS=NP)
	 in sentence "the government does not determine if you are married or not."

"how's" (POS=PP)
	 in sentence "hey, blue-eyes, how's things in london?"

"y'all." (POS=O)
	 in sentence "matt holliday owns, y'all."

"black." (POS=O)
	 in sentence "imagine a place that's % white and % black."

"is currently." (POS=VP)
	 in sentence "his position is the way it is currently."

""not" (POS=PP)
	 in sentence ""being against using nukes" means "not wanting to use nukes"."

"in"." (POS=O)
	 in sentence "think about all the things you can't "eat, wear, or live in"."

"natalie" (POS=NP)
	 in sentence "natalie was a complete fool to have insulted their fan base."

"@lustig andrei," (POS=NP)
	 in sentence "@lustig andrei, we're talking about angels and common pins again, right?"

"quoted post." (POS=NP)
	 in sentence "edited by lashl: edited to properly mask profanity in quoted post."

"ford didn't" (POS=NP)
	 in sentence "ford didn't accept taxpayer money to save the company."

"the assist." (POS=NP)
	 in sentence "jake with the assist."

"oh," (POS=NP)
	 in sentence "oh, and again asserts that marriage is a fundamental human right."

"'whats" (POS=NP)
	 in sentence "my kids busted in and said 'whats that dad?'"

"high." (POS=O)
	 in sentence "higher than  per cent but not very high."

"ever," (POS=NP)
	 in sentence "never, did i ever, did i say blacks were going to riot."

"it's" (POS=PP)
	 in sentence "it's you who makes no sense."

"a tone." (POS=NP)
	 in sentence "pressing one does send a tone."

"mostly" (POS=ADVP)
	 in sentence " foxe was mostly frozen."

"english."" (POS=O)
	 in sentence ""pressing the number one does english.""

"what's right and wrong?" (POS=NP)
	 in sentence "how do you know what's right and wrong?"

"oblivion." (POS=O)
	 in sentence "nirvana is not oblivion."

"the lesser" (POS=NP)
	 in sentence "i don't see obama as the lesser of two evils."

"the interim?" (POS=NP)
	 in sentence "what was my opinion of firefly in the interim?"

"its not" (POS=NP)
	 in sentence "its not an official deployment."

"college"." (POS=UCP)
	 in sentence "the argument was "albert einstein didn't go to college"."

"bush's fault." (POS=NP)
	 in sentence "obama is bush's fault."

"simple." (POS=O)
	 in sentence "the problem is simple."

"the man." (POS=NP)
	 in sentence "despicable ben, stop trying to find excuses for the man."

"confusing." (POS=O)
	 in sentence "i thought it was good, and i didn't find it confusing."

"the homicidal gas chambers?" (POS=NP)
	 in sentence "who supposedly operated the homicidal gas chambers?"

"they" (POS=NP)
	 in sentence "but in the news broadcasts i have seen they did call him white."

"exist"" (POS=VP)
	 in sentence ""fairies don't exist" - fine."

"wrote." (POS=O)
	 in sentence "i think you need to reread what i wrote."

"i" (POS=VP)
	 in sentence "sometimes i fantasize about having power."

"is charasmatic." (POS=VP)
	 in sentence "i don't want a president who is charasmatic."

"because" (POS=NP)
	 in sentence "get a cooling trend from  because of the recent decline."

"than" (POS=SBAR)
	 in sentence "your freedom of speech will be no more prohibited than it is today."

"holy poo poo," (POS=NP)
	 in sentence "holy poo poo, this show."

"else" (POS=O)
	 in sentence "how would martin or anyone else know his intentions based on his actions?"

"conservatives," (POS=VP)
	 in sentence "if you asked , conservatives, the numbers will be skewed to the right."

"is it?" (POS=VP)
	 in sentence "if it isn't a person, then wtf is it?"

"'cares'." (POS=O)
	 in sentence "i don't want a president who 'cares'."

"'led'" (POS=O)
	 in sentence "do you not understand what the word 'led' implies?"

"am dropping," (POS=VP)
	 in sentence "so, i am dropping, for now, asking you the question: " where ' s the marx " ?"

"progressives," (POS=VP)
	 in sentence "if you asked , progressives, the numbers would be skewed to the left."

"the $," (POS=NP)
	 in sentence "more factchecking: i don't know why anyone is making a fuss over the $, bet."

"ha, ha, ha," (POS=NP)
	 in sentence "ha, ha, ha, ha, ha, ha!"

"isn't" (POS=NP)
	 in sentence "isn't that redundant and repetetive?"

"how" (POS=PP)
	 in sentence "that's just not how legal briefs are written."

"to" (POS=O)
	 in sentence "mexico has zero claim to california."

"rather" (POS=ADVP)
	 in sentence "originally posted by spikdboy not wishful thinking, rather realistic."

"a developmental disorder." (POS=NP)
	 in sentence "i compared homo phobia with a developmental disorder."

"doctor's." (POS=O)
	 in sentence "my best, kutte my ex-fiance wouldn't use the va or navy doctor's."

"negative reconnaissance requirements." (POS=NP)
	 in sentence "negative reconnaissance requirements."

"so" (POS=PP)
	 in sentence "morals do not exist, so technically nothing can be morally wrong."

"ha," (POS=VP)
	 in sentence "ah ha, ha, ha, ha, ha!"

"ooo" (POS=NP)
	 in sentence "ooo strike two those who ignore history are doomed to repeat it."

"also," (POS=ADVP)
	 in sentence "also, who's to say there aren't testimonies from "real" health experts on there?"

"mean," (POS=VP)
	 in sentence "you mean, you believe the word of the mainstream media?"

"aren't" (POS=VP)
	 in sentence "also, who's to say there aren't testimonies from "real" health experts on there?"

"it's" (POS=NP)
	 in sentence "if it wasn't alive, then it would miscarriage on it's own."

"expect." (POS=O)
	 in sentence "we all believe that we are getting what we expect."

"no," (POS=NP)
	 in sentence "no, it's not an answer."

"mitt." (POS=O)
	 in sentence "and i'm your friend mitt."

"low." (POS=O)
	 in sentence "lower than  per cent but not very low."

"does not "do"" (POS=VP)
	 in sentence "pressing one does not "do" english."

"do not exist," (POS=VP)
	 in sentence "morals do not exist, so technically nothing can be morally wrong."

"its own citizens," (POS=NP)
	 in sentence "government spying on its own citizens, that's fine."

"some" (POS=NP)
	 in sentence "some believe the 'right' is most important."

"trayvon" (POS=NP)
	 in sentence "the people shouting for justice for trayvon are all hypocrites."

"i'm hyper" (POS=NP)
	 in sentence "if i'm hyper active, it will show up in one of those scans.."

"dutchy" (POS=NP)
	 in sentence "dutchy has anyone heard from dutchy?"

"paul doesn't" (POS=NP)
	 in sentence "paul doesn't have a shot."

"google ad sense?" (POS=NP)
	 in sentence "who makes money off google ad sense?"

"means?" (POS=O)
	 in sentence "do you not understand what that string of words means?"

"dr." (POS=VP)
	 in sentence "dr. neander's revised version."

"more compelling?" (POS=ADJP)
	 in sentence "do you have anything to make it more compelling?"

"how" (POS=NP)
	 in sentence "how exactly is germany being 'punished' for the stupidity of ww?"

"owns." (POS=O)
	 in sentence "dickshot matt holliday owns."

"@ossobuco," (POS=NP)
	 in sentence "@ossobuco, could this have been an enema?"

"a shot." (POS=NP)
	 in sentence "i don't think paul has a shot."

"isn't" (POS=PP)
	 in sentence "religious fiction isn't that redundant and repetetive?"

"within" (POS=PP)
	 in sentence "why are you talking about women within the hebrew tribes?"

"afterwards" (POS=ADVP)
	 in sentence "the one that has  walks home afterwards and goes to sleep."

"themselves" (POS=NP)
	 in sentence "no thatcherite can ever call themselves a libertarian."

"tho" (POS=PP)
	 in sentence "my hair is pretty thing tho :/ quote: ditto."

"move." (POS=O)
	 in sentence "we are meant to move."

"yes" (POS=ADVP)
	 in sentence "yes what are his charges."

"the dumb child?" (POS=NP)
	 in sentence "facilitator : and why is she the dumb child?"

"white." (POS=O)
	 in sentence "but in the news broadcasts i have seen they did call him white."

"think." (POS=O)
	 in sentence "that would make you a sort of accessory, i think."

"holds," (POS=O)
	 in sentence "you might not like the positions he holds, but atleast he has them."

"against" (POS=PP)
	 in sentence ""being against nukes" does not mean "not wanting to use nukes"."

"douche?" (POS=O)
	 in sentence "what is a girl douche?"

"vengeance instead" (POS=NP)
	 in sentence ". satan represents vengeance instead of turning the other cheek!"

"right now?" (POS=ADVP)
	 in sentence "tell me exactly which system isn't working right now?"

"needs to be answered." (POS=VP)
	 in sentence "it is a question that needs to be answered."

"that bigotry?" (POS=NP)
	 in sentence "he stated that it was a mental illness in , how is that bigotry?"

"again, personal responsibility." (POS=NP)
	 in sentence "again, personal responsibility."

"the bhagavad ghita." (POS=NP)
	 in sentence "the hindus would say the same thing about the bhagavad ghita."

"any workforce." (POS=NP)
	 in sentence "i said she has not ever had to be a part of any workforce."

"pretty decent care." (POS=NP)
	 in sentence "i have  years of "neener neener" rights usually i get pretty decent care."

"i'm" (POS=PP)
	 in sentence "god bless i'm not outraged, i'm disappointed."

"the statistics?" (POS=NP)
	 in sentence "do you understand why non-us residents are also relevant to the statistics?"

""life force"?" (POS=NP)
	 in sentence ". what is your definition of "life force"?"

"controversial." (POS=O)
	 in sentence "i don't think what she's saying is that controversial."

"said," (POS=VP)
	 in sentence "mom busted in and said, "what's that noise?""

"can anything" (POS=NP)
	 in sentence "i ask again if god does not exist can anything be morally wrong?"

"nah," (POS=NP)
	 in sentence "nah, that's not how it works."

"each other" (POS=NP)
	 in sentence "why are they looking at each other like that ?!?!"

"by" (POS=PP)
	 in sentence "originally posted by vienna how was it authoritarian?"

"a ****," (POS=NP)
	 in sentence "israel doesn't give a ****, accept it."

"thing." (POS=O)
	 in sentence "it's a common sense/deductive reasoning thing."

":" (POS=O)
	 in sentence "facilitator : show me the smart child."

"a war deployment." (POS=NP)
	 in sentence "this is not a war deployment."

"to be filed." (POS=VP)
	 in sentence "the judges orders a three-page letter to be filed."

"which" (POS=NP)
	 in sentence "tell me exactly which system isn't working right now?"

"medical use!" (POS=NP)
	 in sentence "i am ok with medical use!"

"the smart child." (POS=NP)
	 in sentence "facilitator : show me the smart child."

"he's" (POS=NP)
	 in sentence "he's not wealthy because he's successful."

"ive" (POS=NP)
	 in sentence "ive watched kids play."

"making?" (POS=NP)
	 in sentence "hi pro and corn: how many threads do you plan on making?"

"gnostic." (POS=O)
	 in sentence "specifically gnostic."

"riot." (POS=NP)
	 in sentence "i missed the point where he said that black people were going to riot."

"slutstamp!" (POS=NP)
	 in sentence "slutstamp! a dear friend from ohio sent me this."

"you."" (POS=SBAR)
	 in sentence "we can't do it without you.""

"was affected," (POS=VP)
	 in sentence "sure, it is possible his home was affected, but not the school."

"office." (POS=NP)
	 in sentence "i agree completely i am hoping he is into a second term of office."

"nature?" (POS=NP)
	 in sentence "what's your definition of nature?"

"mostly" (POS=O)
	 in sentence "it is mostly just the dutch."

"nutrax" (POS=NP)
	 in sentence "nutrax the plural of anecdote is not data did gentlemen need chaperones?"

"are different." (POS=VP)
	 in sentence "opinions are different."

"were." (POS=O)
	 in sentence "tell us what the charges were."

"was sold?" (POS=VP)
	 in sentence "what isn't how what was sold?"

"respectfully" (POS=ADVP)
	 in sentence "respectfully submitted, steve i have seen ufo over warsaw in the past."

"i don't" (POS=NP)
	 in sentence "i don't prefix or suffix everything with "you hate jews.""

"alzheimer" (POS=NP)
	 in sentence "genetic predisposition to alzheimer is inferior genetics."

"more:" (POS=O)
	 in sentence "read more: you have never met anyone that is pro-abortion?"

"or" (POS=O)
	 in sentence "or the  year old boy shot dead with automatic weapons by marijuana dealers."

"the laws." (POS=NP)
	 in sentence "people exploited the laws."

"that?" (POS=NP)
	 in sentence "originally posted by anabelle what's wrong with that?"

"during" (POS=PP)
	 in sentence "cyclone formation is not expected during the next  hours."

"catholics," (POS=NP)
	 in sentence "if they were catholics, i would call them catholics."

"yes" (POS=ADJP)
	 in sentence "if you answer no to  but yes to  then you are probably straight."

"so" (POS=SBAR)
	 in sentence "furthermore i found this: so i actually read the op and guess what i found out."

"the government doesnt" (POS=NP)
	 in sentence "the government doesnt have to declare you married before you can be married."

""goblins" (POS=NP)
	 in sentence ""goblins don't exist" - fine."

"cells."" (POS=NP)
	 in sentence "i'm "a bunch of cells.""

"dealers." (POS=O)
	 in sentence "or the  year old boy shot dead with automatic weapons by marijuana dealers."

"a baseball." (POS=NP)
	 in sentence "i've never accused him of doctoring a baseball."

"value-form," (POS=NP)
	 in sentence "commodity expanded value-form, ."

"works." (POS=NP)
	 in sentence "paul did not preach faith without works."

"the workforce." (POS=NP)
	 in sentence "ann romney has never had to get out and be a part of the workforce."

"?" (POS=O)
	 in sentence "so, i am dropping, for now, asking you the question: " where ' s the marx " ?"

"each other!" (POS=NP)
	 in sentence "they're looking at each other!"

"a christian." (POS=NP)
	 in sentence "you are a christian."

"welcome back!" (POS=NP)
	 in sentence "lacey - welcome back!"

"him." (POS=NP)
	 in sentence "he had no intention of apprehending him."

"specifically" (POS=ADVP)
	 in sentence "specifically a baptist."

"safe." (POS=O)
	 in sentence "the manufacturer has to convince the government it's safe."

"tree rings." (POS=NP)
	 in sentence "mann's work and the hs was all about tree rings."

"the dog face," (POS=NP)
	 in sentence "tin foil hat for the dog face, what size do u wear?"

"the 'right'" (POS=NP)
	 in sentence "some believe the 'right' is most important."

"had awakened." (POS=VP)
	 in sentence "the people had awakened."

"news." (POS=O)
	 in sentence "the bailout was bigger than tarp bloomberg news."

"lol," (POS=NP)
	 in sentence "lol, you are so ignorant."

"an enema?" (POS=NP)
	 in sentence "could this have been an enema?"

"ollie:" (POS=VP)
	 in sentence "hi ollie: that is absolutely amazing."

"tarp bloomberg" (POS=NP)
	 in sentence "the bailout was bigger than tarp bloomberg news."

"drpizza" (POS=NP)
	 in sentence "- admin drpizza and i'd forgotten what a whiny little bed wetter you are."

"flavored" (POS=ADJP)
	 in sentence "i don't like flavored beers."

"terral wrote?" (POS=NP)
	 in sentence "so, you actually believe every word of what terral wrote?"

"lord." (POS=O)
	 in sentence "stone notified captain lord."

"your confusion doesn't" (POS=NP)
	 in sentence "your confusion doesn't make me a liar."

"a study?" (POS=NP)
	 in sentence "what if they messed up a study?"

"an game." (POS=NP)
	 in sentence "cone threw an  game."

""life"?" (POS=NP)
	 in sentence "what is your definition of "life"?"

"partial psychopaths." (POS=NP)
	 in sentence "those are partial psychopaths."

"your claim." (POS=NP)
	 in sentence "the new study does not support your claim."

"abstinence!" (POS=NP)
	 in sentence "satan represents indulgence instead of abstinence!"

""jane"" (POS=NP)
	 in sentence ""jane" wants me to ask the helpful party guest to pay for it."

"doesnt" (POS=NP)
	 in sentence "doesnt mean its a bad option."

"ah." (POS=O)
	 in sentence "originally posted by solinvictus ah."

"speech." (POS=NP)
	 in sentence "there is no freedom of speech."

"giva" (POS=VP)
	 in sentence "that israel doesn't giva a **** what anybody else thinks."

"izzy!" (POS=NP)
	 in sentence "originally posted by izzy!"

"nukes"." (POS=O)
	 in sentence ""being against nukes" does not mean "not wanting to use nukes"."

"is god." (POS=VP)
	 in sentence "if the universe has an explanation of its existence, that explanation is god."

"isn't" (POS=VP)
	 in sentence "if it isn't a person, then wtf is it?"

"are willfully ignorant." (POS=VP)
	 in sentence "no, i show you are willfully ignorant."

"isn't" (POS=O)
	 in sentence "the problem isn't who has money."

"ultimately" (POS=ADVP)
	 in sentence "all of the electrical energy ultimately comes from the alternator."

"did" (POS=O)
	 in sentence "did the transaction take place?"

"who's" (POS=ADJP)
	 in sentence "also, who's to say there aren't testimonies from "real" health experts on there?"

"without" (POS=SBAR)
	 in sentence "we can't do it without you.""

"both" (POS=NP)
	 in sentence "h and i both read the books and thought the movie moved so quickly."

""albert einstein" (POS=ADJP)
	 in sentence "the argument was "albert einstein didn't go to college"."

"not too" (POS=ADVP)
	 in sentence "you have too much regulation, not too little."

"i'm" (POS=NP)
	 in sentence "if i'm angry, it will show up in one of those scans.."

"not the moloch scene," (POS=NP)
	 in sentence "that's not the moloch scene, though."

"fools..bought" (POS=VP)
	 in sentence "you fools..bought the  cover-up..hook.."

"with." (POS=O)
	 in sentence "religion that doesn't do that i don't have a problem with."

"a life," (POS=NP)
	 in sentence "if it wasn't a life, then it would not be able to be born."

"@cyracuz," (POS=O)
	 in sentence "@cyracuz, what you want to call it is up to you."

"wear?" (POS=O)
	 in sentence "tin foil hat for the dog face, what size do u wear?"

"this kelly." (POS=NP)
	 in sentence "i'm so sorry to hear this kelly."

"an a-" (POS=NP)
	 in sentence "you have no remains of an a- at the pentagon."

"an opinion," (POS=NP)
	 in sentence "evolution is not an opinion, not a belief."

"no claim?" (POS=NP)
	 in sentence "do you further agree that i have made no claim?"

"just "opposition to" (POS=NP)
	 in sentence "pro-life also refers to just "opposition to abortion"."

""satyrs" (POS=NP)
	 in sentence ""satyrs don't exist" - fine."

"abortion"." (POS=O)
	 in sentence "pro-life also refers to just "opposition to abortion"."

"this." (POS=O)
	 in sentence "slutstamp! a dear friend from ohio sent me this."

"no idea." (POS=NP)
	 in sentence "as to would i kill  person to save , i have no idea."

""soul"?" (POS=NP)
	 in sentence "what is your definition of "soul"?"

"have to be braindead." (POS=VP)
	 in sentence "it doesn't have to be braindead."

"before?" (POS=NP)
	 in sentence "what conviction where you talking about before?"

"go to college."" (POS=VP)
	 in sentence "omg, "einstein didn't go to college.""

"noise?"" (POS=NP)
	 in sentence "mom busted in and said, "what's that noise?""

"that?" (POS=O)
	 in sentence "claims about trayvon's character and when did i do that?"

"so" (POS=ADVP)
	 in sentence "@lustig andrei, so lyndon johnson and john kennedy were compatible?"

"residents?" (POS=O)
	 in sentence "do you understand why it's absurd to limit the question to us residents?"

"how" (POS=VP)
	 in sentence "% how much money does pp take in for abortion services?"

"things." (POS=NP)
	 in sentence "could be a lot of things."

"that's" (POS=O)
	 in sentence "government spying on its own citizens, that's fine."

"capital gains, top rate: percent." (POS=NP)
	 in sentence "capital gains, top rate:  percent."

"every level." (POS=NP)
	 in sentence "he said at every level."

"africa." (POS=O)
	 in sentence "everyone in the world at the current "prosperity" level of northwest africa."

